This is pdfeTeX, Version 3.141592-1.30.4-2.2 (Web2C 7.5.5) (format=latex 2006.4.11)  1 MAY 2006 16:25
entering extended mode
**stokes.tex
(./stokes.tex
LaTeX2e <2003/12/01>
Babel <v3.8d> and hyphenation patterns for american, french, german, ngerman, d
utch, italian, norsk, portuges, spanish, swedish, nohyphenation, loaded.
(/usr/local/teTeX/share/texmf.tetex/tex/latex/base/article.cls
Document Class: article 2004/02/16 v1.4f Standard LaTeX document class
(/usr/local/teTeX/share/texmf.tetex/tex/latex/base/size12.clo
File: size12.clo 2004/02/16 v1.4f Standard LaTeX file (size option)
)
\c@part=\count79
\c@section=\count80
\c@subsection=\count81
\c@subsubsection=\count82
\c@paragraph=\count83
\c@subparagraph=\count84
\c@figure=\count85
\c@table=\count86
\abovecaptionskip=\skip41
\belowcaptionskip=\skip42
\bibindent=\dimen102
)
(/usr/local/teTeX/share/texmf.tetex/tex/latex/graphics/color.sty
Package: color 1999/02/16 v1.0i Standard LaTeX Color (DPC)

(/usr/local/teTeX/share/texmf.tetex/tex/latex/graphics/color.cfg
File: color.cfg 2005/02/03 v1.3 color configuration of teTeX/TeXLive
)
Package color Info: Driver file: dvips.def on input line 125.

(/usr/local/teTeX/share/texmf.tetex/tex/latex/graphics/dvips.def
File: dvips.def 1999/02/16 v3.0i Driver-dependant file (DPC,SPQR)
)
(/usr/local/teTeX/share/texmf.tetex/tex/latex/graphics/dvipsnam.def
File: dvipsnam.def 1999/02/16 v3.0i Driver-dependant file (DPC,SPQR)
))
(/usr/local/teTeX/share/texmf.tetex/tex/latex/graphics/graphicx.sty
Package: graphicx 1999/02/16 v1.0f Enhanced LaTeX Graphics (DPC,SPQR)

(/usr/local/teTeX/share/texmf.tetex/tex/latex/graphics/keyval.sty
Package: keyval 1999/03/16 v1.13 key=value parser (DPC)
\KV@toks@=\toks14
)
(/usr/local/teTeX/share/texmf.tetex/tex/latex/graphics/graphics.sty
Package: graphics 2001/07/07 v1.0n Standard LaTeX Graphics (DPC,SPQR)

(/usr/local/teTeX/share/texmf.tetex/tex/latex/graphics/trig.sty
Package: trig 1999/03/16 v1.09 sin cos tan (DPC)
)
(/usr/local/teTeX/share/texmf.tetex/tex/latex/graphics/graphics.cfg
File: graphics.cfg 2005/02/03 v1.3 graphics configuration of teTeX/TeXLive
)
Package graphics Info: Driver file: pdftex.def on input line 80.

(/usr/local/teTeX/share/texmf.tetex/tex/latex/graphics/pdftex.def
File: pdftex.def 2002/06/19 v0.03k graphics/color for pdftex
\Gread@gobject=\count87
))
\Gin@req@height=\dimen103
\Gin@req@width=\dimen104
)
(./stokes.aux)
\openout1 = `stokes.aux'.

LaTeX Font Info:    Checking defaults for OML/cmm/m/it on input line 16.
LaTeX Font Info:    ... okay on input line 16.
LaTeX Font Info:    Checking defaults for T1/cmr/m/n on input line 16.
LaTeX Font Info:    ... okay on input line 16.
LaTeX Font Info:    Checking defaults for OT1/cmr/m/n on input line 16.
LaTeX Font Info:    ... okay on input line 16.
LaTeX Font Info:    Checking defaults for OMS/cmsy/m/n on input line 16.
LaTeX Font Info:    ... okay on input line 16.
LaTeX Font Info:    Checking defaults for OMX/cmex/m/n on input line 16.
LaTeX Font Info:    ... okay on input line 16.
LaTeX Font Info:    Checking defaults for U/cmr/m/n on input line 16.
LaTeX Font Info:    ... okay on input line 16.

(/usr/local/teTeX/share/texmf.tetex/tex/context/base/supp-pdf.tex
(/usr/local/teTeX/share/texmf.tetex/tex/context/base/supp-mis.tex
loading : Context Support Macros / Miscellaneous (2004.10.26)
\protectiondepth=\count88
\scratchcounter=\count89
\scratchtoks=\toks15
\scratchdimen=\dimen105
\scratchskip=\skip43
\scratchmuskip=\muskip10
\scratchbox=\box26
\scratchread=\read1
\scratchwrite=\write3
\zeropoint=\dimen106
\onepoint=\dimen107
\onebasepoint=\dimen108
\minusone=\count90
\thousandpoint=\dimen109
\onerealpoint=\dimen110
\emptytoks=\toks16
\nextbox=\box27
\nextdepth=\dimen111
\everyline=\toks17
\!!counta=\count91
\!!countb=\count92
\recursecounter=\count93
)
loading : Context Support Macros / PDF (2004.03.26)
\nofMPsegments=\count94
\nofMParguments=\count95
\MPscratchCnt=\count96
\MPscratchDim=\dimen112
\MPnumerator=\count97
\everyMPtoPDFconversion=\toks18
) [1

{/usr/local/teTeX/share/texmf.local/fonts/map/pdftex/updmap/pdftex.map}]
[1] (./stokes.toc
LaTeX Font Info:    External font `cmex10' loaded for size
(Font)              <12> on input line 2.
LaTeX Font Info:    External font `cmex10' loaded for size
(Font)              <8> on input line 2.
LaTeX Font Info:    External font `cmex10' loaded for size
(Font)              <6> on input line 2.
 [2])
\tf@toc=\write4
\openout4 = `stokes.toc'.

 [3]
Overfull \hbox (28.75252pt too wide) in paragraph at lines 56--66
[][] 
 []

[4] [5]
Overfull \hbox (39.81483pt too wide) in paragraph at lines 124--125
\OT1/cmr/m/n/12 cutable a fur-ther step is nec-es-sary. Go to the di-rec-tory c
alled []\OT1/cmtt/m/n/12 stkSolver/utils/patran2bem
 []

[6] [7] [8] [9]
Underfull \hbox (badness 10000) in paragraph at lines 228--229

 []

[10]
Overfull \hbox (46.69588pt too wide) in paragraph at lines 265--273
[][] 
 []

[11]
Overfull \hbox (59.19672pt too wide) in paragraph at lines 299--300
[]\OT1/cmr/m/n/12 Where []\OT1/cmtt/m/n/12 internalPointsNumber \OT1/cmr/m/n/12
 is the to-tal num-ber of rows in the file []\OT1/cmtt/m/n/12 internalPointsFil
ename\OT1/cmr/m/n/12 ,
 []

[12] [13] [14]
Overfull \hbox (15.85762pt too wide) in paragraph at lines 404--404
[]\OT1/cmtt/m/n/10.95 1 1.4e-4 6.0e-1//Electrical and thermal Conductivities fo
r material 1 (fluid)[] 
 []

[15] [16] [17] [18] [19] <tria3.pdf, id=89, 159.59625pt x 188.705pt>
File: tria3.pdf Graphic file (type pdf)

<use tria3.pdf> <tria6.pdf, id=90, 172.645pt x 192.72pt>
File: tria6.pdf Graphic file (type pdf)
 <use tria6.pdf>
Overfull \hbox (19.44852pt too wide) in paragraph at lines 554--565
[][]   [] 
 []

[20 <./tria3.pdf> <./tria6.pdf>]
<weakly_singular.pdf, id=111, 403.5075pt x 188.705pt>
File: weakly_singular.pdf Graphic file (type pdf)

<use weakly_singular.pdf>
<weakly_singular_t6.pdf, id=112, 651.43375pt x 188.705pt>
File: weakly_singular_t6.pdf Graphic file (type pdf)

<use weakly_singular_t6.pdf> [21]
<strongly_singular.pdf, id=122, 515.9275pt x 188.705pt>
File: strongly_singular.pdf Graphic file (type pdf)

<use strongly_singular.pdf> [22 <./weakly_singular.pdf> <./weakly_singular_t6.p
df>] [23 <./strongly_singular.pdf>] [24] (./stokes.aux) ) 
Here is how much of TeX's memory you used:
 1159 strings out of 95138
 15381 string characters out of 1183036
 2057791 words of memory out of 4512626
 4334 multiletter control sequences out of 10000+50000
 9653 words of font info for 35 fonts, out of 2000000 for 2000
 58 hyphenation exceptions out of 5000
 25i,8n,21p,793b,268s stack positions out of 5000i,500n,6000p,200000b,40000s
PDF statistics:
 153 PDF objects out of 300000
 0 named destinations out of 131072
 26 words of extra memory for PDF output out of 10000
</usr/local/teTeX/shar
e/texmf.tetex/fonts/type1/bluesky/cm/cmsy8.pfb></usr/local/teTeX/share/texmf.te
tex/fonts/type1/bluesky/cm/cmex10.pfb></usr/local/teTeX/share/texmf.tetex/fonts
/type1/bluesky/cm/cmr8.pfb></usr/local/teTeX/share/texmf.tetex/fonts/type1/blue
sky/cm/cmtt10.pfb></usr/local/teTeX/share/texmf.tetex/fonts/type1/bluesky/cm/cm
mi8.pfb></usr/local/teTeX/share/texmf.tetex/fonts/type1/bluesky/cm/cmmi12.pfb><
/usr/local/teTeX/share/texmf.tetex/fonts/type1/bluesky/cm/cmsy10.pfb></usr/loca
l/teTeX/share/texmf.tetex/fonts/type1/bluesky/cm/cmti12.pfb></usr/local/teTeX/s
hare/texmf.tetex/fonts/type1/bluesky/cm/cmr12.pfb></usr/local/teTeX/share/texmf
.tetex/fonts/type1/bluesky/cm/cmbx12.pfb></usr/local/teTeX/share/texmf.tetex/fo
nts/type1/bluesky/cm/cmtt12.pfb>
Output written on stokes.pdf (25 pages, 149082 bytes).
